<?xml version="1.0" encoding="utf-8"?><testsuites name="pytest tests"><testsuite name="pytest" errors="0" failures="0" skipped="0" tests="26" time="6.261" timestamp="2026-04-17T11:04:07.054577+00:00" hostname="agent-env-02018f35-d7d8-422b-a7be-94a54b0beb2a"><testcase classname="backend.tests.test_admin_api.TestAdminLogin" name="test_admin_login_success" time="0.154" /><testcase classname="backend.tests.test_admin_api.TestAdminLogin" name="test_admin_login_wrong_password_returns_401" time="0.149" /><testcase classname="backend.tests.test_admin_api.TestAdminLogin" name="test_admin_login_wrong_email_returns_401" time="0.127" /><testcase classname="backend.tests.test_admin_api.TestAdminLogin" name="test_admin_login_case_insensitive_email" time="0.157" /><testcase classname="backend.tests.test_admin_api.TestAdminMe" name="test_admin_me_with_valid_token" time="0.211" /><testcase classname="backend.tests.test_admin_api.TestAdminMe" name="test_admin_me_without_token_returns_401" time="0.199" /><testcase classname="backend.tests.test_admin_api.TestAdminMe" name="test_admin_me_with_malformed_token_returns_401" time="0.235" /><testcase classname="backend.tests.test_admin_api.TestAdminMe" name="test_admin_me_with_no_bearer_prefix_returns_401" time="0.221" /><testcase classname="backend.tests.test_admin_api.TestAdminBookings" name="test_admin_list_bookings_with_valid_token" time="0.215" /><testcase classname="backend.tests.test_admin_api.TestAdminBookings" name="test_admin_list_bookings_without_token_returns_401" time="0.249" /><testcase classname="backend.tests.test_admin_api.TestAdminUpdateBookingStatus" name="test_update_status_to_contacted" time="0.316" /><testcase classname="backend.tests.test_admin_api.TestAdminUpdateBookingStatus" name="test_update_status_to_scheduled" time="0.334" /><testcase classname="backend.tests.test_admin_api.TestAdminUpdateBookingStatus" name="test_update_status_to_converted" time="0.347" /><testcase classname="backend.tests.test_admin_api.TestAdminUpdateBookingStatus" name="test_update_status_to_closed" time="0.325" /><testcase classname="backend.tests.test_admin_api.TestAdminUpdateBookingStatus" name="test_update_status_invalid_returns_400" time="0.301" /><testcase classname="backend.tests.test_admin_api.TestAdminUpdateBookingStatus" name="test_update_status_unknown_id_returns_404" time="0.330" /><testcase classname="backend.tests.test_admin_api.TestAdminUpdateBookingStatus" name="test_update_status_without_token_returns_401" time="0.321" /><testcase classname="backend.tests.test_admin_api.TestAdminDeleteBooking" name="test_delete_booking_success" time="0.409" /><testcase classname="backend.tests.test_admin_api.TestAdminDeleteBooking" name="test_delete_booking_without_token_returns_401" time="0.335" /><testcase classname="backend.tests.test_admin_api.TestAdminDeleteBooking" name="test_delete_booking_unknown_id_returns_404" time="0.345" /><testcase classname="backend.tests.test_admin_api.TestAdminStats" name="test_admin_stats_returns_total_and_by_status" time="0.216" /><testcase classname="backend.tests.test_admin_api.TestAdminStats" name="test_admin_stats_without_token_returns_401" time="0.211" /><testcase classname="backend.tests.test_admin_api.TestPublicEndpointsStillWork" name="test_public_bookings_list_still_works" time="0.108" /><testcase classname="backend.tests.test_admin_api.TestPublicEndpointsStillWork" name="test_public_bookings_create_still_works" time="0.105" /><testcase classname="backend.tests.test_admin_api.TestPublicEndpointsStillWork" name="test_public_stats_still_works" time="0.108" /><testcase classname="backend.tests.test_admin_api.TestPublicEndpointsStillWork" name="test_public_contact_still_works" time="0.094" /></testsuite></testsuites>