<?xml version="1.0" encoding="utf-8"?><testsuites name="pytest tests"><testsuite name="pytest" errors="0" failures="0" skipped="0" tests="52" time="10.096" timestamp="2026-04-17T11:39:21.079163+00:00" hostname="agent-env-02018f35-d7d8-422b-a7be-94a54b0beb2a"><testcase classname="tests.test_admin_api.TestAdminLogin" name="test_admin_login_success" time="0.119" /><testcase classname="tests.test_admin_api.TestAdminLogin" name="test_admin_login_wrong_password_returns_401" time="0.144" /><testcase classname="tests.test_admin_api.TestAdminLogin" name="test_admin_login_wrong_email_returns_401" time="0.103" /><testcase classname="tests.test_admin_api.TestAdminLogin" name="test_admin_login_case_insensitive_email" time="0.107" /><testcase classname="tests.test_admin_api.TestAdminMe" name="test_admin_me_with_valid_token" time="0.197" /><testcase classname="tests.test_admin_api.TestAdminMe" name="test_admin_me_without_token_returns_401" time="0.223" /><testcase classname="tests.test_admin_api.TestAdminMe" name="test_admin_me_with_malformed_token_returns_401" time="0.283" /><testcase classname="tests.test_admin_api.TestAdminMe" name="test_admin_me_with_no_bearer_prefix_returns_401" time="0.219" /><testcase classname="tests.test_admin_api.TestAdminBookings" name="test_admin_list_bookings_with_valid_token" time="0.197" /><testcase classname="tests.test_admin_api.TestAdminBookings" name="test_admin_list_bookings_without_token_returns_401" time="0.220" /><testcase classname="tests.test_admin_api.TestAdminUpdateBookingStatus" name="test_update_status_to_contacted" time="0.323" /><testcase classname="tests.test_admin_api.TestAdminUpdateBookingStatus" name="test_update_status_to_scheduled" time="0.317" /><testcase classname="tests.test_admin_api.TestAdminUpdateBookingStatus" name="test_update_status_to_converted" time="0.328" /><testcase classname="tests.test_admin_api.TestAdminUpdateBookingStatus" name="test_update_status_to_closed" time="0.320" /><testcase classname="tests.test_admin_api.TestAdminUpdateBookingStatus" name="test_update_status_invalid_returns_400" time="0.331" /><testcase classname="tests.test_admin_api.TestAdminUpdateBookingStatus" name="test_update_status_unknown_id_returns_404" time="0.337" /><testcase classname="tests.test_admin_api.TestAdminUpdateBookingStatus" name="test_update_status_without_token_returns_401" time="0.294" /><testcase classname="tests.test_admin_api.TestAdminDeleteBooking" name="test_delete_booking_success" time="0.430" /><testcase classname="tests.test_admin_api.TestAdminDeleteBooking" name="test_delete_booking_without_token_returns_401" time="0.326" /><testcase classname="tests.test_admin_api.TestAdminDeleteBooking" name="test_delete_booking_unknown_id_returns_404" time="0.366" /><testcase classname="tests.test_admin_api.TestAdminStats" name="test_admin_stats_returns_total_and_by_status" time="0.213" /><testcase classname="tests.test_admin_api.TestAdminStats" name="test_admin_stats_without_token_returns_401" time="0.202" /><testcase classname="tests.test_admin_api.TestPublicEndpointsStillWork" name="test_public_bookings_list_still_works" time="0.103" /><testcase classname="tests.test_admin_api.TestPublicEndpointsStillWork" name="test_public_bookings_create_still_works" time="0.106" /><testcase classname="tests.test_admin_api.TestPublicEndpointsStillWork" name="test_public_stats_still_works" time="0.121" /><testcase classname="tests.test_admin_api.TestPublicEndpointsStillWork" name="test_public_contact_still_works" time="0.093" /><testcase classname="tests.test_bookings_api.TestHealthCheck" name="test_api_root_returns_ok" time="0.107" /><testcase classname="tests.test_bookings_api.TestBookingsCreate" name="test_create_booking_success" time="0.109" /><testcase classname="tests.test_bookings_api.TestBookingsCreate" name="test_create_booking_minimal_fields" time="0.104" /><testcase classname="tests.test_bookings_api.TestBookingsCreate" name="test_create_booking_invalid_email_returns_422" time="0.105" /><testcase classname="tests.test_bookings_api.TestBookingsCreate" name="test_create_booking_missing_full_name_returns_422" time="0.103" /><testcase classname="tests.test_bookings_api.TestBookingsCreate" name="test_create_booking_missing_phone_returns_422" time="0.096" /><testcase classname="tests.test_bookings_api.TestBookingsCreate" name="test_create_booking_missing_email_returns_422" time="0.104" /><testcase classname="tests.test_bookings_api.TestBookingsCreate" name="test_create_booking_missing_reason_returns_422" time="0.098" /><testcase classname="tests.test_bookings_api.TestBookingsList" name="test_list_bookings_returns_list" time="0.102" /><testcase classname="tests.test_bookings_api.TestBookingsList" name="test_list_bookings_sorted_by_created_at_desc" time="0.330" /><testcase classname="tests.test_bookings_api.TestBookingsGetById" name="test_get_booking_by_id_success" time="0.197" /><testcase classname="tests.test_bookings_api.TestBookingsGetById" name="test_get_booking_unknown_id_returns_404" time="0.102" /><testcase classname="tests.test_bookings_api.TestStats" name="test_stats_returns_expected_fields" time="0.103" /><testcase classname="tests.test_bookings_api.TestContact" name="test_create_contact_success" time="0.105" /><testcase classname="tests.test_bookings_api.TestContact" name="test_create_contact_invalid_email_returns_422" time="0.098" /><testcase classname="tests.test_cookie_auth.TestCookieAuth" name="test_login_sets_httponly_cookie" time="0.099" /><testcase classname="tests.test_cookie_auth.TestCookieAuth" name="test_admin_me_with_cookie_only" time="0.138" /><testcase classname="tests.test_cookie_auth.TestCookieAuth" name="test_admin_bookings_with_cookie_only" time="0.159" /><testcase classname="tests.test_cookie_auth.TestCookieAuth" name="test_admin_stats_with_cookie_only" time="0.138" /><testcase classname="tests.test_cookie_auth.TestLogout" name="test_logout_clears_cookie" time="0.147" /><testcase classname="tests.test_cookie_auth.TestLogout" name="test_admin_me_after_logout_returns_401" time="0.256" /><testcase classname="tests.test_cookie_auth.TestBackwardsCompatibility" name="test_bearer_token_still_works" time="0.222" /><testcase classname="tests.test_cookie_auth.TestBackwardsCompatibility" name="test_bearer_token_for_admin_bookings" time="0.224" /><testcase classname="tests.test_cookie_auth.TestBackwardsCompatibility" name="test_cookie_takes_precedence_over_bearer" time="0.258" /><testcase classname="tests.test_cookie_auth.TestPatchDeleteWithCookie" name="test_patch_booking_with_cookie" time="0.245" /><testcase classname="tests.test_cookie_auth.TestPatchDeleteWithCookie" name="test_delete_booking_with_cookie" time="0.236" /></testsuite></testsuites>