<?xml version="1.0" encoding="utf-8"?><testsuites name="pytest tests"><testsuite name="pytest" errors="0" failures="0" skipped="0" tests="15" time="2.375" timestamp="2026-04-17T10:51:30.365760+00:00" hostname="agent-env-02018f35-d7d8-422b-a7be-94a54b0beb2a"><testcase classname="backend.tests.test_bookings_api.TestHealthCheck" name="test_api_root_returns_ok" time="0.193" /><testcase classname="backend.tests.test_bookings_api.TestBookingsCreate" name="test_create_booking_success" time="0.121" /><testcase classname="backend.tests.test_bookings_api.TestBookingsCreate" name="test_create_booking_minimal_fields" time="0.121" /><testcase classname="backend.tests.test_bookings_api.TestBookingsCreate" name="test_create_booking_invalid_email_returns_422" time="0.109" /><testcase classname="backend.tests.test_bookings_api.TestBookingsCreate" name="test_create_booking_missing_full_name_returns_422" time="0.149" /><testcase classname="backend.tests.test_bookings_api.TestBookingsCreate" name="test_create_booking_missing_phone_returns_422" time="0.145" /><testcase classname="backend.tests.test_bookings_api.TestBookingsCreate" name="test_create_booking_missing_email_returns_422" time="0.103" /><testcase classname="backend.tests.test_bookings_api.TestBookingsCreate" name="test_create_booking_missing_reason_returns_422" time="0.098" /><testcase classname="backend.tests.test_bookings_api.TestBookingsList" name="test_list_bookings_returns_list" time="0.137" /><testcase classname="backend.tests.test_bookings_api.TestBookingsList" name="test_list_bookings_sorted_by_created_at_desc" time="0.367" /><testcase classname="backend.tests.test_bookings_api.TestBookingsGetById" name="test_get_booking_by_id_success" time="0.215" /><testcase classname="backend.tests.test_bookings_api.TestBookingsGetById" name="test_get_booking_unknown_id_returns_404" time="0.103" /><testcase classname="backend.tests.test_bookings_api.TestStats" name="test_stats_returns_expected_fields" time="0.107" /><testcase classname="backend.tests.test_bookings_api.TestContact" name="test_create_contact_success" time="0.121" /><testcase classname="backend.tests.test_bookings_api.TestContact" name="test_create_contact_invalid_email_returns_422" time="0.103" /></testsuite></testsuites>